c:\users\yszbo\desktop\cpp-racing-game\debug\courseworkbase2020.bsc
c:\users\yszbo\desktop\cpp-racing-game\debug\vc143.pdb
c:\users\yszbo\desktop\cpp-racing-game\debug\automoving.sbr
c:\users\yszbo\desktop\cpp-racing-game\debug\buttonclicktobegin.sbr
c:\users\yszbo\desktop\cpp-racing-game\debug\car.sbr
c:\users\yszbo\desktop\cpp-racing-game\debug\changingtext.sbr
c:\users\yszbo\desktop\cpp-racing-game\debug\createmap.sbr
c:\users\yszbo\desktop\cpp-racing-game\debug\draggingdemo.sbr
c:\users\yszbo\desktop\cpp-racing-game\debug\drawingsurface.sbr
c:\users\yszbo\desktop\cpp-racing-game\debug\expression.sbr
c:\users\yszbo\desktop\cpp-racing-game\debug\fff.sbr
c:\users\yszbo\desktop\cpp-racing-game\debug\flashingdemo.sbr
c:\users\yszbo\desktop\cpp-racing-game\debug\followmouse.sbr
c:\users\yszbo\desktop\cpp-racing-game\debug\gaming1.sbr
c:\users\yszbo\desktop\cpp-racing-game\debug\imagemappingdemo.sbr
c:\users\yszbo\desktop\cpp-racing-game\debug\mainfunction.sbr
c:\users\yszbo\desktop\cpp-racing-game\debug\baseengine.sbr
c:\users\yszbo\desktop\cpp-racing-game\debug\displayableobject.sbr
c:\users\yszbo\desktop\cpp-racing-game\debug\fontmanager.sbr
c:\users\yszbo\desktop\cpp-racing-game\debug\menupage.sbr
c:\users\yszbo\desktop\cpp-racing-game\debug\mydemoa.sbr
c:\users\yszbo\desktop\cpp-racing-game\debug\myobjectb.sbr
c:\users\yszbo\desktop\cpp-racing-game\debug\myobjectb.obj
c:\users\yszbo\desktop\cpp-racing-game\debug\mydemoa.obj
c:\users\yszbo\desktop\cpp-racing-game\debug\menupage.obj
c:\users\yszbo\desktop\cpp-racing-game\debug\fontmanager.obj
c:\users\yszbo\desktop\cpp-racing-game\debug\displayableobject.obj
c:\users\yszbo\desktop\cpp-racing-game\debug\baseengine.obj
c:\users\yszbo\desktop\cpp-racing-game\debug\mainfunction.obj
c:\users\yszbo\desktop\cpp-racing-game\debug\imagemappingdemo.obj
c:\users\yszbo\desktop\cpp-racing-game\debug\gaming1.obj
c:\users\yszbo\desktop\cpp-racing-game\debug\followmouse.obj
c:\users\yszbo\desktop\cpp-racing-game\debug\flashingdemo.obj
c:\users\yszbo\desktop\cpp-racing-game\debug\fff.obj
c:\users\yszbo\desktop\cpp-racing-game\debug\expression.obj
c:\users\yszbo\desktop\cpp-racing-game\debug\drawingsurface.obj
c:\users\yszbo\desktop\cpp-racing-game\debug\draggingdemo.obj
c:\users\yszbo\desktop\cpp-racing-game\debug\createmap.obj
c:\users\yszbo\desktop\cpp-racing-game\debug\changingtext.obj
c:\users\yszbo\desktop\cpp-racing-game\debug\car.obj
c:\users\yszbo\desktop\cpp-racing-game\debug\buttonclicktobegin.obj
c:\users\yszbo\desktop\cpp-racing-game\debug\automoving.obj
c:\users\yszbo\desktop\cpp-racing-game\debug\mytilemanager.sbr
c:\users\yszbo\desktop\cpp-racing-game\debug\physicalobject.sbr
c:\users\yszbo\desktop\cpp-racing-game\debug\physicalvector.sbr
c:\users\yszbo\desktop\cpp-racing-game\debug\playercar.sbr
c:\users\yszbo\desktop\cpp-racing-game\debug\resultpage.sbr
c:\users\yszbo\desktop\cpp-racing-game\debug\scysy3button.sbr
c:\users\yszbo\desktop\cpp-racing-game\debug\scysy3displayableobject.sbr
c:\users\yszbo\desktop\cpp-racing-game\debug\scysy3engine.sbr
c:\users\yszbo\desktop\cpp-racing-game\debug\scysy3filterpoints.sbr
c:\users\yszbo\desktop\cpp-racing-game\debug\scysy3image.sbr
c:\users\yszbo\desktop\cpp-racing-game\debug\scysy3tilemanager.sbr
c:\users\yszbo\desktop\cpp-racing-game\debug\selectmap.sbr
c:\users\yszbo\desktop\cpp-racing-game\debug\selectmode.sbr
c:\users\yszbo\desktop\cpp-racing-game\debug\simpleimage.sbr
c:\users\yszbo\desktop\cpp-racing-game\debug\simpledemo.sbr
c:\users\yszbo\desktop\cpp-racing-game\debug\starfielddemo.sbr
c:\users\yszbo\desktop\cpp-racing-game\debug\state.sbr
c:\users\yszbo\desktop\cpp-racing-game\debug\theme.sbr
c:\users\yszbo\desktop\cpp-racing-game\debug\tilemanager.sbr
c:\users\yszbo\desktop\cpp-racing-game\debug\bouncingball.sbr
c:\users\yszbo\desktop\cpp-racing-game\debug\bouncingball.obj
c:\users\yszbo\desktop\cpp-racing-game\debug\tilemanager.obj
c:\users\yszbo\desktop\cpp-racing-game\debug\theme.obj
c:\users\yszbo\desktop\cpp-racing-game\debug\state.obj
c:\users\yszbo\desktop\cpp-racing-game\debug\starfielddemo.obj
c:\users\yszbo\desktop\cpp-racing-game\debug\simpledemo.obj
c:\users\yszbo\desktop\cpp-racing-game\debug\simpleimage.obj
c:\users\yszbo\desktop\cpp-racing-game\debug\selectmode.obj
c:\users\yszbo\desktop\cpp-racing-game\debug\selectmap.obj
c:\users\yszbo\desktop\cpp-racing-game\debug\scysy3tilemanager.obj
c:\users\yszbo\desktop\cpp-racing-game\debug\scysy3image.obj
c:\users\yszbo\desktop\cpp-racing-game\debug\scysy3filterpoints.obj
c:\users\yszbo\desktop\cpp-racing-game\debug\scysy3engine.obj
c:\users\yszbo\desktop\cpp-racing-game\debug\scysy3displayableobject.obj
c:\users\yszbo\desktop\cpp-racing-game\debug\scysy3button.obj
c:\users\yszbo\desktop\cpp-racing-game\debug\resultpage.obj
c:\users\yszbo\desktop\cpp-racing-game\debug\playercar.obj
c:\users\yszbo\desktop\cpp-racing-game\debug\physicalvector.obj
c:\users\yszbo\desktop\cpp-racing-game\debug\physicalobject.obj
c:\users\yszbo\desktop\cpp-racing-game\debug\mytilemanager.obj
c:\users\yszbo\desktop\cpp-racing-game\debug\bouncingballmain.sbr
c:\users\yszbo\desktop\cpp-racing-game\debug\mazedemomain.sbr
c:\users\yszbo\desktop\cpp-racing-game\debug\mazedemoobject.sbr
c:\users\yszbo\desktop\cpp-racing-game\debug\mazedemotilemanager.sbr
c:\users\yszbo\desktop\cpp-racing-game\debug\titlepage.sbr
c:\users\yszbo\desktop\cpp-racing-game\debug\titlewheel.sbr
c:\users\yszbo\desktop\cpp-racing-game\debug\wheel.sbr
c:\users\yszbo\desktop\cpp-racing-game\debug\zoomingdemo.sbr
c:\users\yszbo\desktop\cpp-racing-game\debug\zoomingdemo.obj
c:\users\yszbo\desktop\cpp-racing-game\debug\wheel.obj
c:\users\yszbo\desktop\cpp-racing-game\debug\titlewheel.obj
c:\users\yszbo\desktop\cpp-racing-game\debug\titlepage.obj
c:\users\yszbo\desktop\cpp-racing-game\debug\mazedemotilemanager.obj
c:\users\yszbo\desktop\cpp-racing-game\debug\mazedemoobject.obj
c:\users\yszbo\desktop\cpp-racing-game\debug\mazedemomain.obj
c:\users\yszbo\desktop\cpp-racing-game\debug\bouncingballmain.obj
c:\users\yszbo\desktop\cpp-racing-game\debug\courseworkbase2020.exe
c:\users\yszbo\desktop\cpp-racing-game\src\map
c:\users\yszbo\desktop\cpp-racing-game\debug\courseworkbase2020.pdb
c:\users\yszbo\desktop\cpp-racing-game\debug\courseworkbase2020.ilk
c:\users\yszbo\desktop\cpp-racing-game\/debug\courseworkbase2020.pdb
c:\users\yszbo\desktop\cpp-racing-game\/debug\courseworkbase2020.bsc
c:\users\yszbo\desktop\cpp-racing-game\/debug\courseworkbase2020.ilk
c:\users\yszbo\desktop\cpp-racing-game\/debug\courseworkbase.vcxproj.filelistabsolute.txt
c:\users\yszbo\desktop\cpp-racing-game\debug\coursewo.63f64093.tlog\bscmake.command.1.tlog
c:\users\yszbo\desktop\cpp-racing-game\debug\coursewo.63f64093.tlog\bscmake.read.1.tlog
c:\users\yszbo\desktop\cpp-racing-game\debug\coursewo.63f64093.tlog\bscmake.write.1.tlog
c:\users\yszbo\desktop\cpp-racing-game\debug\coursewo.63f64093.tlog\cl.command.1.tlog
c:\users\yszbo\desktop\cpp-racing-game\debug\coursewo.63f64093.tlog\cl.items.tlog
c:\users\yszbo\desktop\cpp-racing-game\debug\coursewo.63f64093.tlog\cl.read.1.tlog
c:\users\yszbo\desktop\cpp-racing-game\debug\coursewo.63f64093.tlog\cl.write.1.tlog
c:\users\yszbo\desktop\cpp-racing-game\debug\coursewo.63f64093.tlog\link.command.1.tlog
c:\users\yszbo\desktop\cpp-racing-game\debug\coursewo.63f64093.tlog\link.read.1.tlog
c:\users\yszbo\desktop\cpp-racing-game\debug\coursewo.63f64093.tlog\link.secondary.1.tlog
c:\users\yszbo\desktop\cpp-racing-game\debug\coursewo.63f64093.tlog\link.write.1.tlog
