c:\computerscience\spring\c++\coursework materials-20240304\cppcoursework2023-v103\src\x64\debug\vc143.pdb
c:\computerscience\spring\c++\coursework materials-20240304\cppcoursework2023-v103\src\x64\debug\draggingdemo.sbr
c:\computerscience\spring\c++\coursework materials-20240304\cppcoursework2023-v103\src\x64\debug\drawingsurface.sbr
c:\computerscience\spring\c++\coursework materials-20240304\cppcoursework2023-v103\src\x64\debug\flashingdemo.sbr
c:\computerscience\spring\c++\coursework materials-20240304\cppcoursework2023-v103\src\x64\debug\imagemappingdemo.sbr
c:\computerscience\spring\c++\coursework materials-20240304\cppcoursework2023-v103\src\x64\debug\mainfunction.sbr
c:\computerscience\spring\c++\coursework materials-20240304\cppcoursework2023-v103\src\x64\debug\baseengine.sbr
c:\computerscience\spring\c++\coursework materials-20240304\cppcoursework2023-v103\src\x64\debug\displayableobject.sbr
c:\computerscience\spring\c++\coursework materials-20240304\cppcoursework2023-v103\src\x64\debug\fontmanager.sbr
c:\computerscience\spring\c++\coursework materials-20240304\cppcoursework2023-v103\src\x64\debug\mydemoa.sbr
c:\computerscience\spring\c++\coursework materials-20240304\cppcoursework2023-v103\src\x64\debug\simpleimage.sbr
c:\computerscience\spring\c++\coursework materials-20240304\cppcoursework2023-v103\src\x64\debug\simpledemo.sbr
c:\computerscience\spring\c++\coursework materials-20240304\cppcoursework2023-v103\src\x64\debug\starfielddemo.sbr
c:\computerscience\spring\c++\coursework materials-20240304\cppcoursework2023-v103\src\x64\debug\tilemanager.sbr
c:\computerscience\spring\c++\coursework materials-20240304\cppcoursework2023-v103\src\x64\debug\bouncingball.sbr
c:\computerscience\spring\c++\coursework materials-20240304\cppcoursework2023-v103\src\x64\debug\bouncingballmain.sbr
c:\computerscience\spring\c++\coursework materials-20240304\cppcoursework2023-v103\src\x64\debug\mazedemomain.sbr
c:\computerscience\spring\c++\coursework materials-20240304\cppcoursework2023-v103\src\x64\debug\mazedemoobject.sbr
c:\computerscience\spring\c++\coursework materials-20240304\cppcoursework2023-v103\src\x64\debug\mazedemotilemanager.sbr
c:\computerscience\spring\c++\coursework materials-20240304\cppcoursework2023-v103\src\x64\debug\zoomingdemo.sbr
c:\computerscience\spring\c++\coursework materials-20240304\cppcoursework2023-v103\src\x64\debug\zoomingdemo.obj
c:\computerscience\spring\c++\coursework materials-20240304\cppcoursework2023-v103\src\x64\debug\mazedemotilemanager.obj
c:\computerscience\spring\c++\coursework materials-20240304\cppcoursework2023-v103\src\x64\debug\mazedemoobject.obj
c:\computerscience\spring\c++\coursework materials-20240304\cppcoursework2023-v103\src\x64\debug\mazedemomain.obj
c:\computerscience\spring\c++\coursework materials-20240304\cppcoursework2023-v103\src\x64\debug\bouncingballmain.obj
c:\computerscience\spring\c++\coursework materials-20240304\cppcoursework2023-v103\src\x64\debug\bouncingball.obj
c:\computerscience\spring\c++\coursework materials-20240304\cppcoursework2023-v103\src\x64\debug\tilemanager.obj
c:\computerscience\spring\c++\coursework materials-20240304\cppcoursework2023-v103\src\x64\debug\starfielddemo.obj
c:\computerscience\spring\c++\coursework materials-20240304\cppcoursework2023-v103\src\x64\debug\simpledemo.obj
c:\computerscience\spring\c++\coursework materials-20240304\cppcoursework2023-v103\src\x64\debug\simpleimage.obj
c:\computerscience\spring\c++\coursework materials-20240304\cppcoursework2023-v103\src\x64\debug\mydemoa.obj
c:\computerscience\spring\c++\coursework materials-20240304\cppcoursework2023-v103\src\x64\debug\fontmanager.obj
c:\computerscience\spring\c++\coursework materials-20240304\cppcoursework2023-v103\src\x64\debug\displayableobject.obj
c:\computerscience\spring\c++\coursework materials-20240304\cppcoursework2023-v103\src\x64\debug\baseengine.obj
c:\computerscience\spring\c++\coursework materials-20240304\cppcoursework2023-v103\src\x64\debug\mainfunction.obj
c:\computerscience\spring\c++\coursework materials-20240304\cppcoursework2023-v103\src\x64\debug\imagemappingdemo.obj
c:\computerscience\spring\c++\coursework materials-20240304\cppcoursework2023-v103\src\x64\debug\flashingdemo.obj
c:\computerscience\spring\c++\coursework materials-20240304\cppcoursework2023-v103\src\x64\debug\drawingsurface.obj
c:\computerscience\spring\c++\coursework materials-20240304\cppcoursework2023-v103\src\x64\debug\draggingdemo.obj
c:\computerscience\spring\c++\coursework materials-20240304\cppcoursework2023-v103\x64\debug\courseworkbase2020.pdb
c:\computerscience\spring\c++\coursework materials-20240304\cppcoursework2023-v103\src\x64\debug\coursewo.63f64093.tlog\cl.command.1.tlog
c:\computerscience\spring\c++\coursework materials-20240304\cppcoursework2023-v103\src\x64\debug\coursewo.63f64093.tlog\cl.read.1.tlog
c:\computerscience\spring\c++\coursework materials-20240304\cppcoursework2023-v103\src\x64\debug\coursewo.63f64093.tlog\cl.write.1.tlog
c:\computerscience\spring\c++\coursework materials-20240304\cppcoursework2023-v103\src\x64\debug\coursewo.63f64093.tlog\link-cvtres.read.1.tlog
c:\computerscience\spring\c++\coursework materials-20240304\cppcoursework2023-v103\src\x64\debug\coursewo.63f64093.tlog\link-cvtres.write.1.tlog
c:\computerscience\spring\c++\coursework materials-20240304\cppcoursework2023-v103\src\x64\debug\coursewo.63f64093.tlog\link-rc.read.1.tlog
c:\computerscience\spring\c++\coursework materials-20240304\cppcoursework2023-v103\src\x64\debug\coursewo.63f64093.tlog\link-rc.write.1.tlog
c:\computerscience\spring\c++\coursework materials-20240304\cppcoursework2023-v103\src\x64\debug\coursewo.63f64093.tlog\link.command.1.tlog
c:\computerscience\spring\c++\coursework materials-20240304\cppcoursework2023-v103\src\x64\debug\coursewo.63f64093.tlog\link.read.1.tlog
c:\computerscience\spring\c++\coursework materials-20240304\cppcoursework2023-v103\src\x64\debug\coursewo.63f64093.tlog\link.read.2.tlog
c:\computerscience\spring\c++\coursework materials-20240304\cppcoursework2023-v103\src\x64\debug\coursewo.63f64093.tlog\link.read.3.tlog
c:\computerscience\spring\c++\coursework materials-20240304\cppcoursework2023-v103\src\x64\debug\coursewo.63f64093.tlog\link.read.4.tlog
c:\computerscience\spring\c++\coursework materials-20240304\cppcoursework2023-v103\src\x64\debug\coursewo.63f64093.tlog\link.read.5.tlog
c:\computerscience\spring\c++\coursework materials-20240304\cppcoursework2023-v103\src\x64\debug\coursewo.63f64093.tlog\link.read.6.tlog
c:\computerscience\spring\c++\coursework materials-20240304\cppcoursework2023-v103\src\x64\debug\coursewo.63f64093.tlog\link.read.7.tlog
c:\computerscience\spring\c++\coursework materials-20240304\cppcoursework2023-v103\src\x64\debug\coursewo.63f64093.tlog\link.write.1.tlog
